TN:
SF:src/index.js
FN:4,(anonymous_0)
FN:12,(anonymous_1)
FNF:2
FNH:2
FNDA:5,(anonymous_0)
FNDA:13,(anonymous_1)
DA:4,1
DA:5,5
DA:6,4
DA:8,3
DA:9,3
DA:10,3
DA:12,3
DA:13,13
DA:14,13
DA:16,13
DA:17,2
DA:19,11
DA:20,5
DA:22,6
DA:23,1
DA:25,5
DA:28,3
LF:17
LH:17
BRDA:16,0,0,2
BRDA:16,0,1,11
BRDA:19,1,0,5
BRDA:19,1,1,6
BRDA:22,2,0,1
BRDA:22,2,1,5
BRF:6
BRH:6
end_of_record
TN:
SF:src/parsers.js
FN:4,(anonymous_0)
FNF:1
FNH:1
FNDA:9,(anonymous_0)
DA:4,1
DA:5,9
DA:6,9
DA:7,9
DA:9,9
DA:10,7
DA:12,2
LF:7
LH:7
BRDA:9,0,0,7
BRDA:9,0,1,2
BRF:2
BRH:2
end_of_record
